build/app/intermediates/manifest_merge_blame_file/debug/manifest-merger-blame-debug-report.txt
1<?xml version="1.0" encoding="utf-8"?>
2<manifest xmlns:android="http://schemas.android.com/apk/res/android"
3    package="com.misside.temp_project"
4    android:versionCode="1"
5    android:versionName="2.0.0" >
6
7    <uses-sdk
8        android:minSdkVersion="19"
9        android:targetSdkVersion="33" />
10    <!--
11         The INTERNET permission is required for development. Specifically,
12         the Flutter tool needs it to communicate with the running application
13         to allow setting breakpoints, to provide hot reload, etc.
14    -->
15    <uses-permission android:name="android.permission.INTERNET" />
15-->src/debug/AndroidManifest.xml:6:5-66
15-->src/debug/AndroidManifest.xml:6:22-64
16    <!--
17     Required to query activities that can process text, see:
18         https://developer.android.com/training/package-visibility?hl=en and
19         https://developer.android.com/reference/android/content/Intent#ACTION_PROCESS_TEXT.
20
21         In particular, this is used by the Flutter engine in io.flutter.plugin.text.ProcessTextPlugin.
22    -->
23    <queries>
23-->src/main/AndroidManifest.xml:38:5-43:15
24        <intent>
24-->src/main/AndroidManifest.xml:39:9-42:18
25            <action android:name="android.intent.action.PROCESS_TEXT" />
25-->src/main/AndroidManifest.xml:40:13-72
25-->src/main/AndroidManifest.xml:40:21-70
26
27            <data android:mimeType="text/plain" />
27-->src/main/AndroidManifest.xml:41:13-50
27-->src/main/AndroidManifest.xml:41:19-48
28        </intent>
29        <intent>
29-->[:file_picker] AndroidManifest.xml:14:9-18:18
30            <action android:name="android.intent.action.GET_CONTENT" />
30-->[:file_picker] AndroidManifest.xml:15:13-72
30-->[:file_picker] AndroidManifest.xml:15:21-69
31
32            <data android:mimeType="*/*" />
32-->src/main/AndroidManifest.xml:41:13-50
32-->src/main/AndroidManifest.xml:41:19-48
33        </intent>
34    </queries>
35
36    <uses-permission
36-->[:file_picker] AndroidManifest.xml:9:5-11:38
37        android:name="android.permission.READ_EXTERNAL_STORAGE"
37-->[:file_picker] AndroidManifest.xml:10:9-64
38        android:maxSdkVersion="32" />
38-->[:file_picker] AndroidManifest.xml:11:9-35
39
40    <permission
40-->[androidx.core:core:1.10.1] AndroidManifest.xml:22:5-24:47
41        android:name="com.misside.temp_project.DYNAMIC_RECEIVER_NOT_EXPORTED_PERMISSION"
41-->[androidx.core:core:1.10.1] AndroidManifest.xml:23:9-81
42        android:protectionLevel="signature" />
42-->[androidx.core:core:1.10.1] AndroidManifest.xml:24:9-44
43
44    <uses-permission android:name="com.misside.temp_project.DYNAMIC_RECEIVER_NOT_EXPORTED_PERMISSION" />
44-->[androidx.core:core:1.10.1] AndroidManifest.xml:26:5-97
44-->[androidx.core:core:1.10.1] AndroidManifest.xml:26:22-94
45
46    <application
47        android:name="android.app.Application"
48        android:appComponentFactory="androidx.core.app.CoreComponentFactory"
48-->[androidx.core:core:1.10.1] AndroidManifest.xml:28:18-86
49        android:debuggable="true"
50        android:icon="@mipmap/ic_launcher"
51        android:label="temp_project" >
52        <activity
53            android:name="com.misside.temp_project.MainActivity"
54            android:configChanges="orientation|keyboardHidden|keyboard|screenSize|smallestScreenSize|locale|layoutDirection|fontScale|screenLayout|density|uiMode"
55            android:exported="true"
56            android:hardwareAccelerated="true"
57            android:launchMode="singleTop"
58            android:theme="@style/LaunchTheme"
59            android:windowSoftInputMode="adjustResize" >
60
61            <!--
62                 Specifies an Android theme to apply to this Activity as soon as
63                 the Android process has started. This theme is visible to the user
64                 while the Flutter UI initializes. After that, this theme continues
65                 to determine the Window background behind the Flutter UI.
66            -->
67            <meta-data
68                android:name="io.flutter.embedding.android.NormalTheme"
69                android:resource="@style/NormalTheme" />
70
71            <intent-filter>
72                <action android:name="android.intent.action.MAIN" />
73
74                <category android:name="android.intent.category.LAUNCHER" />
75            </intent-filter>
76        </activity>
77        <!--
78             Don't delete the meta-data below.
79             This is used by the Flutter tool to generate GeneratedPluginRegistrant.java
80        -->
81        <meta-data
82            android:name="flutterEmbedding"
83            android:value="2" />
84
85        <activity
85-->[:url_launcher_android] AndroidManifest.xml:10:9-13:74
86            android:name="io.flutter.plugins.urllauncher.WebViewActivity"
86-->[:url_launcher_android] AndroidManifest.xml:11:13-74
87            android:exported="false"
87-->[:url_launcher_android] AndroidManifest.xml:12:13-37
88            android:theme="@android:style/Theme.NoTitleBar.Fullscreen" />
88-->[:url_launcher_android] AndroidManifest.xml:13:13-71
89
90        <uses-library
90-->[androidx.window:window:1.0.0-beta04] AndroidManifest.xml:25:9-27:40
91            android:name="androidx.window.extensions"
91-->[androidx.window:window:1.0.0-beta04] AndroidManifest.xml:26:13-54
92            android:required="false" />
92-->[androidx.window:window:1.0.0-beta04] AndroidManifest.xml:27:13-37
93        <uses-library
93-->[androidx.window:window:1.0.0-beta04] AndroidManifest.xml:28:9-30:40
94            android:name="androidx.window.sidecar"
94-->[androidx.window:window:1.0.0-beta04] AndroidManifest.xml:29:13-51
95            android:required="false" />
95-->[androidx.window:window:1.0.0-beta04] AndroidManifest.xml:30:13-37
96    </application>
97
98</manifest>